<?xml version="1.0" encoding="UTF-8"?>
<!-- Generated by org.testng.reporters.JUnitXMLReporter -->
<testsuite ignored="0" hostname="Inura_Perera" failures="0" tests="0" time="0.047" errors="0" timestamp="2024-04-19T18:38:37 IST">
  <testcase classname="EbayPurchaseTest" name="@BeforeTest choose_browser" time="-1.713532117514E9">
    <failure type="org.testng.TestNGException" message="
Parameter &amp;apos;browser&amp;apos; is required by BeforeTest on method choose_browser but has not been marked @Optional or defined
">
      <![CDATA[org.testng.TestNGException: 
Parameter 'browser' is required by BeforeTest on method choose_browser but has not been marked @Optional or defined

... Removed 26 stack frames]]>
    </failure>
  </testcase> <!-- @BeforeTest choose_browser -->
</testsuite>
